# JRE version: Java(TM) SE Runtime Environment (8.0_251-b08) (build 1.8.0_251-b08)
# Java VM: Java HotSpot(TM) 64-Bit Server VM (25.251-b08 mixed mode bsd-amd64 )
Heap:
 PSYoungGen      total 887296K, used 79358K [0x0000000968f80000, 0x00000009c7980000, 0x0000000d93a00000)
  eden space 617472K, 12% used [0x0000000968f80000,0x000000096dcffaa0,0x000000098ea80000)
  from space 269824K, 0% used [0x00000009a7380000,0x00000009a7380000,0x00000009b7b00000)
  to   space 402432K, 0% used [0x000000098ea80000,0x000000098ea80000,0x00000009a7380000)
 ParOldGen       total 1650688K, used 855721K [0x0000000113a00000, 0x0000000178600000, 0x0000000968f80000)
  object space 1650688K, 51% used [0x0000000113a00000,0x0000000147daa7a0,0x0000000178600000)
 Metaspace       used 33403K, capacity 34882K, committed 35072K, reserved 36864K
GC Heap History (10 events):
Event: 39.310 GC heap before
{Heap before GC invocations=9 (full 2):
 PSYoungGen      total 578048K, used 405275K [0x0000000968f80000, 0x00000009a8800000, 0x0000000d93a00000)
  eden space 267264K, 100% used [0x0000000968f80000,0x0000000979480000,0x0000000979480000)
  from space 310784K, 44% used [0x000000098b900000,0x0000000993fc6dc8,0x000000099e880000)
  to   space 299520K, 0% used [0x0000000979480000,0x0000000979480000,0x000000098b900000)
 ParOldGen       total 995840K, used 270771K [0x0000000113a00000, 0x0000000150680000, 0x0000000968f80000)
  object space 995840K, 27% used [0x0000000113a00000,0x000000012426ce50,0x0000000150680000)
 Metaspace       used 31126K, capacity 32423K, committed 32512K, reserved 32768K
Event: 39.347 GC heap after
Heap after GC invocations=9 (full 2):
 PSYoungGen      total 566784K, used 140441K [0x0000000968f80000, 0x00000009a9f80000, 0x0000000d93a00000)
  eden space 267264K, 0% used [0x0000000968f80000,0x0000000968f80000,0x0000000979480000)
  from space 299520K, 46% used [0x0000000979480000,0x0000000981da6540,0x000000098b900000)
  to   space 290304K, 0% used [0x0000000998400000,0x0000000998400000,0x00000009a9f80000)
 ParOldGen       total 995840K, used 270779K [0x0000000113a00000, 0x0000000150680000, 0x0000000968f80000)
  object space 995840K, 27% used [0x0000000113a00000,0x000000012426ee50,0x0000000150680000)
 Metaspace       used 31126K, capacity 32423K, committed 32512K, reserved 32768K
}
Event: 39.544 GC heap before
{Heap before GC invocations=10 (full 2):
 PSYoungGen      total 566784K, used 407705K [0x0000000968f80000, 0x00000009a9f80000, 0x0000000d93a00000)
  eden space 267264K, 100% used [0x0000000968f80000,0x0000000979480000,0x0000000979480000)
  from space 299520K, 46% used [0x0000000979480000,0x0000000981da6540,0x000000098b900000)
  to   space 290304K, 0% used [0x0000000998400000,0x0000000998400000,0x00000009a9f80000)
 ParOldGen       total 995840K, used 270779K [0x0000000113a00000, 0x0000000150680000, 0x0000000968f80000)
  object space 995840K, 27% used [0x0000000113a00000,0x000000012426ee50,0x0000000150680000)
 Metaspace       used 31212K, capacity 32487K, committed 32512K, reserved 32768K
Event: 39.606 GC heap after
Heap after GC invocations=10 (full 2):
 PSYoungGen      total 782336K, used 141796K [0x0000000968f80000, 0x00000009aa700000, 0x0000000d93a00000)
  eden space 492032K, 0% used [0x0000000968f80000,0x0000000968f80000,0x0000000987000000)
  from space 290304K, 48% used [0x0000000998400000,0x00000009a0e79360,0x00000009a9f80000)
  to   space 282624K, 0% used [0x0000000987000000,0x0000000987000000,0x0000000998400000)
 ParOldGen       total 995840K, used 270787K [0x0000000113a00000, 0x0000000150680000, 0x0000000968f80000)
  object space 995840K, 27% used [0x0000000113a00000,0x0000000124270e50,0x0000000150680000)
 Metaspace       used 31212K, capacity 32487K, committed 32512K, reserved 32768K
}
Event: 41.562 GC heap before
{Heap before GC invocations=11 (full 2):
 PSYoungGen      total 782336K, used 633828K [0x0000000968f80000, 0x00000009aa700000, 0x0000000d93a00000)
  eden space 492032K, 100% used [0x0000000968f80000,0x0000000987000000,0x0000000987000000)
  from space 290304K, 48% used [0x0000000998400000,0x00000009a0e79360,0x00000009a9f80000)
  to   space 282624K, 0% used [0x0000000987000000,0x0000000987000000,0x0000000998400000)
 ParOldGen       total 995840K, used 270955K [0x0000000113a00000, 0x0000000150680000, 0x0000000968f80000)
  object space 995840K, 27% used [0x0000000113a00000,0x000000012429ae50,0x0000000150680000)
 Metaspace       used 31539K, capacity 32807K, committed 33024K, reserved 34816K
Event: 41.594 GC heap after
Heap after GC invocations=11 (full 2):
 PSYoungGen      total 774656K, used 81455K [0x0000000968f80000, 0x00000009b7b00000, 0x0000000d93a00000)
  eden space 492032K, 0% used [0x0000000968f80000,0x0000000968f80000,0x0000000987000000)
  from space 282624K, 28% used [0x0000000987000000,0x000000098bf8bd18,0x0000000998400000)
  to   space 269824K, 0% used [0x00000009a7380000,0x00000009a7380000,0x00000009b7b00000)
 ParOldGen       total 995840K, used 403836K [0x0000000113a00000, 0x0000000150680000, 0x0000000968f80000)
  object space 995840K, 40% used [0x0000000113a00000,0x000000012c45f108,0x0000000150680000)
 Metaspace       used 31539K, capacity 32807K, committed 33024K, reserved 34816K
}
Event: 43.989 GC heap before
{Heap before GC invocations=12 (full 2):
 PSYoungGen      total 774656K, used 573487K [0x0000000968f80000, 0x00000009b7b00000, 0x0000000d93a00000)
  eden space 492032K, 100% used [0x0000000968f80000,0x0000000987000000,0x0000000987000000)
  from space 282624K, 28% used [0x0000000987000000,0x000000098bf8bd18,0x0000000998400000)
  to   space 269824K, 0% used [0x00000009a7380000,0x00000009a7380000,0x00000009b7b00000)
 ParOldGen       total 995840K, used 534630K [0x0000000113a00000, 0x0000000150680000, 0x0000000968f80000)
  object space 995840K, 53% used [0x0000000113a00000,0x0000000134419998,0x0000000150680000)
 Metaspace       used 33045K, capacity 34472K, committed 34560K, reserved 34816K
Event: 44.078 GC heap after
Heap after GC invocations=12 (full 2):
 PSYoungGen      total 887296K, used 269803K [0x0000000968f80000, 0x00000009c7980000, 0x0000000d93a00000)
  eden space 617472K, 0% used [0x0000000968f80000,0x0000000968f80000,0x000000098ea80000)
  from space 269824K, 99% used [0x00000009a7380000,0x00000009b7afaf98,0x00000009b7b00000)
  to   space 402432K, 0% used [0x000000098ea80000,0x000000098ea80000,0x00000009a7380000)
 ParOldGen       total 995840K, used 775635K [0x0000000113a00000, 0x0000000150680000, 0x0000000968f80000)
  object space 995840K, 77% used [0x0000000113a00000,0x0000000142f74d68,0x0000000150680000)
 Metaspace       used 33045K, capacity 34472K, committed 34560K, reserved 34816K
}
Event: 44.078 GC heap before
{Heap before GC invocations=13 (full 3):
 PSYoungGen      total 887296K, used 269803K [0x0000000968f80000, 0x00000009c7980000, 0x0000000d93a00000)
  eden space 617472K, 0% used [0x0000000968f80000,0x0000000968f80000,0x000000098ea80000)
  from space 269824K, 99% used [0x00000009a7380000,0x00000009b7afaf98,0x00000009b7b00000)
  to   space 402432K, 0% used [0x000000098ea80000,0x000000098ea80000,0x00000009a7380000)
 ParOldGen       total 995840K, used 775635K [0x0000000113a00000, 0x0000000150680000, 0x0000000968f80000)
  object space 995840K, 77% used [0x0000000113a00000,0x0000000142f74d68,0x0000000150680000)
 Metaspace       used 33045K, capacity 34472K, committed 34560K, reserved 34816K
Event: 44.184 GC heap after
Heap after GC invocations=13 (full 3):
 PSYoungGen      total 887296K, used 0K [0x0000000968f80000, 0x00000009c7980000, 0x0000000d93a00000)
  eden space 617472K, 0% used [0x0000000968f80000,0x0000000968f80000,0x000000098ea80000)
  from space 269824K, 0% used [0x00000009a7380000,0x00000009a7380000,0x00000009b7b00000)
  to   space 402432K, 0% used [0x000000098ea80000,0x000000098ea80000,0x00000009a7380000)
 ParOldGen       total 1650688K, used 855721K [0x0000000113a00000, 0x0000000178600000, 0x0000000968f80000)
  object space 1650688K, 51% used [0x0000000113a00000,0x0000000147daa7a0,0x0000000178600000)
 Metaspace       used 33045K, capacity 34472K, committed 34560K, reserved 34816K
}

